<?xml version="1.0" encoding="UTF-8"?>
<robot generator="Robot 6.1.1 (Python 3.9.13 on win32)" generated="20230816 23:06:37.044" rpa="false" schemaversion="4">
<suite id="s1" name="RobotFramework" source="C:\Users\bahad\IdeaProjects\RobotFramework">
<suite id="s1-s1" name="Tests" source="C:\Users\bahad\IdeaProjects\RobotFramework\tests">
<suite id="s1-s1-s1" name="AmazonProject" source="C:\Users\bahad\IdeaProjects\RobotFramework\tests\AmazonProject.robot">
<test id="s1-s1-s1-t1" name="Nokia 3310 Arama Testi" line="12">
<kw name="Open Browser" library="SeleniumLibrary">
<arg>${URL}</arg>
<arg>${BROWSER}</arg>
<doc>Opens a new browser instance to the optional ``url``.</doc>
<msg timestamp="20230816 23:06:37.438" level="INFO">Opening browser 'chrome' to base url 'https://www.amazon.com/'.</msg>
<msg timestamp="20230816 23:06:37.452" level="INFO">Applicable driver not found; attempting to install with Selenium Manager (Beta)</msg>
<status status="PASS" starttime="20230816 23:06:37.437" endtime="20230816 23:06:57.974"/>
</kw>
<kw name="Maximize Browser Window" library="SeleniumLibrary">
<doc>Maximizes current browser window.</doc>
<status status="PASS" starttime="20230816 23:06:57.975" endtime="20230816 23:06:58.340"/>
</kw>
<kw name="Input Text" library="SeleniumLibrary">
<arg>id=twotabsearchtextbox</arg>
<arg>${A_URUN}</arg>
<doc>Types the given ``text`` into the text field identified by ``locator``.</doc>
<msg timestamp="20230816 23:06:58.349" level="INFO">Typing text 'Nokia 3310' into text field 'id=twotabsearchtextbox'.</msg>
<status status="PASS" starttime="20230816 23:06:58.347" endtime="20230816 23:06:59.056"/>
</kw>
<kw name="Click Element" library="SeleniumLibrary">
<arg>xpath=//input[@value='Go']</arg>
<doc>Click the element identified by ``locator``.</doc>
<msg timestamp="20230816 23:06:59.057" level="INFO">Clicking element 'xpath=//input[@value='Go']'.</msg>
<status status="PASS" starttime="20230816 23:06:59.057" endtime="20230816 23:07:02.925"/>
</kw>
<kw name="Sleep" library="BuiltIn">
<arg>2s</arg>
<doc>Pauses the test executed for the given time.</doc>
<msg timestamp="20230816 23:07:04.940" level="INFO">Slept 2 seconds</msg>
<status status="PASS" starttime="20230816 23:07:02.929" endtime="20230816 23:07:04.940"/>
</kw>
<kw name="Get Text" library="SeleniumLibrary">
<var>${Urunun_Texti}</var>
<arg>css=.a-color-state.a-text-bold</arg>
<doc>Returns the text value of the element identified by ``locator``.</doc>
<msg timestamp="20230816 23:07:04.986" level="INFO">${Urunun_Texti} = "Nokia 3310"</msg>
<status status="PASS" starttime="20230816 23:07:04.943" endtime="20230816 23:07:04.986"/>
</kw>
<kw name="Should Be Equal As Strings" library="BuiltIn">
<arg>${Urunun_Texti}</arg>
<arg>"Nokia 3310"</arg>
<doc>Fails if objects are unequal after converting them to strings.</doc>
<status status="PASS" starttime="20230816 23:07:04.987" endtime="20230816 23:07:04.988"/>
</kw>
<kw name="Go To" library="SeleniumLibrary">
<arg>${URL_Registry}</arg>
<doc>Navigates the current browser window to the provided ``url``.</doc>
<msg timestamp="20230816 23:07:04.989" level="INFO">Opening url 'https://www.amazon.com/registries?ref_=nav_cs_registry&amp;ref_=nav_cs_registry'</msg>
<status status="PASS" starttime="20230816 23:07:04.988" endtime="20230816 23:07:06.421"/>
</kw>
<kw name="Click Element" library="SeleniumLibrary">
<arg>link=Gift Cards</arg>
<doc>Click the element identified by ``locator``.</doc>
<msg timestamp="20230816 23:07:06.459" level="INFO">Clicking element 'link=Gift Cards'.</msg>
<status status="PASS" starttime="20230816 23:07:06.458" endtime="20230816 23:07:10.410"/>
</kw>
<status status="PASS" starttime="20230816 23:06:37.436" endtime="20230816 23:07:10.412"/>
</test>
<status status="PASS" starttime="20230816 23:06:37.095" endtime="20230816 23:07:10.413"/>
</suite>
<status status="PASS" starttime="20230816 23:06:37.089" endtime="20230816 23:07:10.416"/>
</suite>
<status status="PASS" starttime="20230816 23:06:37.049" endtime="20230816 23:07:10.418"/>
</suite>
<statistics>
<total>
<stat pass="1" fail="0" skip="0">All Tests</stat>
</total>
<tag>
</tag>
<suite>
<stat pass="1" fail="0" skip="0" id="s1" name="RobotFramework">RobotFramework</stat>
<stat pass="1" fail="0" skip="0" id="s1-s1" name="Tests">RobotFramework.Tests</stat>
<stat pass="1" fail="0" skip="0" id="s1-s1-s1" name="AmazonProject">RobotFramework.Tests.AmazonProject</stat>
</suite>
</statistics>
<errors>
</errors>
</robot>
